app/build/outputs/mapping/release/configuration.txt
# The proguard configuration file for the following section is Android Gradle plugin 9.4.0 (extracted file: /workspaces/psychic-carnival/app/build/intermediates/default_proguard_files/global/proguard-android-optimize.txt-9.4.0)
# This is a configuration file for ProGuard.
# http://proguard.sourceforge.net/index.html#manual/usage.html
#
# Starting with version 2.2 of the Android plugin for Gradle, this file is distributed together with
# the plugin and unpacked at build-time. The files in $ANDROID_HOME are no longer maintained and
# will be ignored by new version of the Android plugin for Gradle.

# Optimizations: If you don't want to optimize, use the proguard-android.txt configuration file
# instead of this one, which turns off the optimization flags.
-allowaccessmodification

# Preserve some attributes that may be required for reflection.
-keepattributes AnnotationDefault,
                EnclosingMethod,
                InnerClasses,
                RuntimeVisibleAnnotations,
                RuntimeVisibleParameterAnnotations,
                RuntimeVisibleTypeAnnotations,
                Signature

-keep public class com.google.vending.licensing.ILicensingService
-keep public class com.android.vending.licensing.ILicensingService
-keep public class com.google.android.vending.licensing.ILicensingService
-dontnote com.android.vending.licensing.ILicensingService
-dontnote com.google.vending.licensing.ILicensingService
-dontnote com.google.android.vending.licensing.ILicensingService

# For native methods, see https://www.guardsquare.com/manual/configuration/examples#native
-keepclasseswithmembernames,includedescriptorclasses class * {
    native <methods>;
}

# Keep setters in Views so that animations can still work.
-keepclassmembers public class * extends android.view.View {
    void set*(***);
    *** get*();
}

# We want to keep methods in Activity that could be used in the XML attribute onClick.
-keepclassmembers class * extends android.app.Activity {
    public void *(android.view.View);
}

# For enumeration classes, see https://www.guardsquare.com/manual/configuration/examples#enumerations
-keepclassmembers enum * {
    public static **[] values();
    public static ** valueOf(java.lang.String);
}

-keepclassmembers class * implements android.os.Parcelable {
    public static final ** CREATOR;
}

# Preserve annotated Javascript interface methods.
-keepclassmembers class * {
    @android.webkit.JavascriptInterface <methods>;
}

# The support libraries contains references to newer platform versions.
# Don't warn about those in case this app is linking against an older
# platform version. We know about them, and they are safe.
-dontnote android.support.**
-dontnote androidx.**
-dontwarn android.support.**
-dontwarn androidx.**

# Understand the @Keep support annotation.
-keep class android.support.annotation.Keep

-keep @android.support.annotation.Keep class * {*;}

-keepclasseswithmembers class * {
    @android.support.annotation.Keep <methods>;
}

-keepclasseswithmembers class * {
    @android.support.annotation.Keep <fields>;
}

-keepclasseswithmembers class * {
    @android.support.annotation.Keep <init>(...);
}

# These classes are duplicated between android.jar and org.apache.http.legacy.jar.
-dontnote org.apache.http.**
-dontnote android.net.http.**

# These classes are duplicated between android.jar and core-lambda-stubs.jar.
-dontnote java.lang.invoke.**

# End of content from Android Gradle plugin 9.4.0 (extracted file: /workspaces/psychic-carnival/app/build/intermediates/default_proguard_files/global/proguard-android-optimize.txt-9.4.0)
# The proguard configuration file for the following section is psychic-carnival/app/proguard-rules.pro
# Py2APK currently relies on AndroidX and platform APIs only.
# Keep FileProvider metadata and generated view binding classes.
-keep class androidx.core.content.FileProvider { *; }
-keep class com.py2apk.app.databinding.** { *; }

# End of content from psychic-carnival/app/proguard-rules.pro
# The proguard configuration file for the following section is com.google.android.material:material:1.13.0 (extracted file: /home/codespace/.gradle/caches/9.6.0/transforms/4e57cd584b789c7b4454937dc55c6800/transformed/material-1.13.0/proguard.txt)
# Copyright (C) 2015 The Android Open Source Project
#
# Licensed under the Apache License, Version 2.0 (the "License");
# you may not use this file except in compliance with the License.
# You may obtain a copy of the License at
#
#      http://www.apache.org/licenses/LICENSE-2.0
#
# Unless required by applicable law or agreed to in writing, software
# distributed under the License is distributed on an "AS IS" BASIS,
# WITHOUT WARRANTIES OR CONDITIONS OF ANY KIND, either express or implied.
# See the License for the specific language governing permissions and
# limitations under the License.

# CoordinatorLayout resolves the behaviors of its child components with reflection.
-keep public class * extends androidx.coordinatorlayout.widget.CoordinatorLayout$Behavior {
    public <init>(android.content.Context, android.util.AttributeSet);
    public <init>();
}

# Make sure we keep annotations for CoordinatorLayout's DefaultBehavior
-keepattributes RuntimeVisible*Annotation*

# Copyright (C) 2018 The Android Open Source Project
#
# Licensed under the Apache License, Version 2.0 (the "License");
# you may not use this file except in compliance with the License.
# You may obtain a copy of the License at
#
#      http://www.apache.org/licenses/LICENSE-2.0
#
# Unless required by applicable law or agreed to in writing, software
# distributed under the License is distributed on an "AS IS" BASIS,
# WITHOUT WARRANTIES OR CONDITIONS OF ANY KIND, either express or implied.
# See the License for the specific language governing permissions and
# limitations under the License.

# AppCompatViewInflater reads the viewInflaterClass theme attribute which then
# reflectively instantiates MaterialComponentsViewInflater using the no-argument
# constructor. We only need to keep this constructor and the class name if
# AppCompatViewInflater is also being kept.
-if class androidx.appcompat.app.AppCompatViewInflater
-keep class com.google.android.material.theme.MaterialComponentsViewInflater {
    <init>();
}

# End of content from com.google.android.material:material:1.13.0 (extracted file: /home/codespace/.gradle/caches/9.6.0/transforms/4e57cd584b789c7b4454937dc55c6800/transformed/material-1.13.0/proguard.txt)
# The proguard configuration file for the following section is androidx.appcompat:appcompat:1.8.0 (extracted file: /home/codespace/.gradle/caches/9.6.0/transforms/918ae17321d4e26e07b59fcffa5cfb59/transformed/appcompat-1.8.0/proguard.txt)
# Copyright (C) 2018 The Android Open Source Project
#
# Licensed under the Apache License, Version 2.0 (the "License");
# you may not use this file except in compliance with the License.
# You may obtain a copy of the License at
#
#      http://www.apache.org/licenses/LICENSE-2.0
#
# Unless required by applicable law or agreed to in writing, software
# distributed under the License is distributed on an "AS IS" BASIS,
# WITHOUT WARRANTIES OR CONDITIONS OF ANY KIND, either express or implied.
# See the License for the specific language governing permissions and
# limitations under the License.

# Never inline methods, but allow shrinking and obfuscation.
-keepclassmembernames,allowobfuscation,allowshrinking class androidx.appcompat.widget.AppCompatTextViewAutoSizeHelper$Impl* {
  <methods>;
}

# End of content from androidx.appcompat:appcompat:1.8.0 (extracted file: /home/codespace/.gradle/caches/9.6.0/transforms/918ae17321d4e26e07b59fcffa5cfb59/transformed/appcompat-1.8.0/proguard.txt)
# The proguard configuration file for the following section is androidx.fragment:fragment:1.5.4 (extracted file: /home/codespace/.gradle/caches/9.6.0/transforms/cc937134d4f96c27b6f2a435cb4415d1/transformed/fragment-1.5.4/proguard.txt)
# Copyright (C) 2020 The Android Open Source Project
#
# Licensed under the Apache License, Version 2.0 (the "License");
# you may not use this file except in compliance with the License.
# You may obtain a copy of the License at
#
#      http://www.apache.org/licenses/LICENSE-2.0
#
# Unless required by applicable law or agreed to in writing, software
# distributed under the License is distributed on an "AS IS" BASIS,
# WITHOUT WARRANTIES OR CONDITIONS OF ANY KIND, either express or implied.
# See the License for the specific language governing permissions and
# limitations under the License.

# The default FragmentFactory creates Fragment instances using reflection
-if public class ** extends androidx.fragment.app.Fragment
-keepclasseswithmembers,allowobfuscation public class <1> {
    public <init>();
}

# End of content from androidx.fragment:fragment:1.5.4 (extracted file: /home/codespace/.gradle/caches/9.6.0/transforms/cc937134d4f96c27b6f2a435cb4415d1/transformed/fragment-1.5.4/proguard.txt)
# The proguard configuration file for the following section is androidx.coordinatorlayout:coordinatorlayout:1.1.0 (extracted file: /home/codespace/.gradle/caches/9.6.0/transforms/02e523bea0d94d2d20c5573d8d193c38/transformed/coordinatorlayout-1.1.0/proguard.txt)
# Copyright (C) 2016 The Android Open Source Project
#
# Licensed under the Apache License, Version 2.0 (the "License");
# you may not use this file except in compliance with the License.
# You may obtain a copy of the License at
#
#      http://www.apache.org/licenses/LICENSE-2.0
#
# Unless required by applicable law or agreed to in writing, software
# distributed under the License is distributed on an "AS IS" BASIS,
# WITHOUT WARRANTIES OR CONDITIONS OF ANY KIND, either express or implied.
# See the License for the specific language governing permissions and
# limitations under the License.

# CoordinatorLayout resolves the behaviors of its child components with reflection.
-keep public class * extends androidx.coordinatorlayout.widget.CoordinatorLayout$Behavior {
    public <init>(android.content.Context, android.util.AttributeSet);
    public <init>();
}

# Make sure we keep annotations for CoordinatorLayout's DefaultBehavior and ViewPager's DecorView
-keepattributes *Annotation*

# End of content from androidx.coordinatorlayout:coordinatorlayout:1.1.0 (extracted file: /home/codespace/.gradle/caches/9.6.0/transforms/02e523bea0d94d2d20c5573d8d193c38/transformed/coordinatorlayout-1.1.0/proguard.txt)
# The proguard configuration file for the following section is androidx.transition:transition:1.5.0 (extracted file: /home/codespace/.gradle/caches/9.6.0/transforms/71e75b696cf63399c06f05b4d1a11251/transformed/transition-1.5.0/proguard.txt)
# Copyright (C) 2017 The Android Open Source Project
#
# Licensed under the Apache License, Version 2.0 (the "License");
# you may not use this file except in compliance with the License.
# You may obtain a copy of the License at
#
#      http://www.apache.org/licenses/LICENSE-2.0
#
# Unless required by applicable law or agreed to in writing, software
# distributed under the License is distributed on an "AS IS" BASIS,
# WITHOUT WARRANTIES OR CONDITIONS OF ANY KIND, either express or implied.
# See the License for the specific language governing permissions and
# limitations under the License.

# Keep a field in transition that is used to keep a reference to weakly-referenced object
-keepclassmembers class androidx.transition.ChangeBounds$* extends android.animation.AnimatorListenerAdapter {
  androidx.transition.ChangeBounds$ViewBounds mViewBounds;
}

# End of content from androidx.transition:transition:1.5.0 (extracted file: /home/codespace/.gradle/caches/9.6.0/transforms/71e75b696cf63399c06f05b4d1a11251/transformed/transition-1.5.0/proguard.txt)
# The proguard configuration file for the following section is androidx.dynamicanimation:dynamicanimation:1.1.0 (extracted file: /home/codespace/.gradle/caches/9.6.0/transforms/f8e7d283434e5fc01d6161670fa43596/transformed/dynamicanimation-1.1.0/proguard.txt)
# Intentionally empty proguard rules to indicate this library is safe to shrink

# End of content from androidx.dynamicanimation:dynamicanimation:1.1.0 (extracted file: /home/codespace/.gradle/caches/9.6.0/transforms/f8e7d283434e5fc01d6161670fa43596/transformed/dynamicanimation-1.1.0/proguard.txt)
# The proguard configuration file for the following section is androidx.recyclerview:recyclerview:1.2.1 (extracted file: /home/codespace/.gradle/caches/9.6.0/transforms/c13e28727a64bff96347eca7ac99789c/transformed/recyclerview-1.2.1/proguard.txt)
# Copyright (C) 2015 The Android Open Source Project
#
# Licensed under the Apache License, Version 2.0 (the "License");
# you may not use this file except in compliance with the License.
# You may obtain a copy of the License at
#
#      http://www.apache.org/licenses/LICENSE-2.0
#
# Unless required by applicable law or agreed to in writing, software
# distributed under the License is distributed on an "AS IS" BASIS,
# WITHOUT WARRANTIES OR CONDITIONS OF ANY KIND, either express or implied.
# See the License for the specific language governing permissions and
# limitations under the License.

# When layoutManager xml attribute is used, RecyclerView inflates
#LayoutManagers' constructors using reflection.
-keep public class * extends androidx.recyclerview.widget.RecyclerView$LayoutManager {
    public <init>(android.content.Context, android.util.AttributeSet, int, int);
    public <init>();
}

-keepclassmembers class androidx.recyclerview.widget.RecyclerView {
    public void suppressLayout(boolean);
    public boolean isLayoutSuppressed();
}
# End of content from androidx.recyclerview:recyclerview:1.2.1 (extracted file: /home/codespace/.gradle/caches/9.6.0/transforms/c13e28727a64bff96347eca7ac99789c/transformed/recyclerview-1.2.1/proguard.txt)
# The proguard configuration file for the following section is androidx.vectordrawable:vectordrawable-animated:1.1.0 (extracted file: /home/codespace/.gradle/caches/9.6.0/transforms/f029bbc2df49e19ff10d7f03c69ac067/transformed/vectordrawable-animated-1.1.0/proguard.txt)
# Copyright (C) 2016 The Android Open Source Project
#
# Licensed under the Apache License, Version 2.0 (the "License");
# you may not use this file except in compliance with the License.
# You may obtain a copy of the License at
#
#      http://www.apache.org/licenses/LICENSE-2.0
#
# Unless required by applicable law or agreed to in writing, software
# distributed under the License is distributed on an "AS IS" BASIS,
# WITHOUT WARRANTIES OR CONDITIONS OF ANY KIND, either express or implied.
# See the License for the specific language governing permissions and
# limitations under the License.

# keep setters in VectorDrawables so that animations can still work.
-keepclassmembers class androidx.vectordrawable.graphics.drawable.VectorDrawableCompat$* {
   void set*(***);
   *** get*();
}

# End of content from androidx.vectordrawable:vectordrawable-animated:1.1.0 (extracted file: /home/codespace/.gradle/caches/9.6.0/transforms/f029bbc2df49e19ff10d7f03c69ac067/transformed/vectordrawable-animated-1.1.0/proguard.txt)
# The proguard configuration file for the following section is androidx.core:core:1.17.0 (extracted file: /home/codespace/.gradle/caches/9.6.0/transforms/4b311e9544ce66123449b645f4f7c3b6/transformed/core-1.17.0/proguard.txt)
# Never inline methods, but allow shrinking and obfuscation.
-keepclassmembernames,allowobfuscation,allowshrinking class androidx.core.view.ViewCompat$Api* {
  <methods>;
}
-keepclassmembernames,allowobfuscation,allowshrinking class androidx.core.view.WindowInsetsCompat$*Impl* {
  <methods>;
}
-keepclassmembernames,allowobfuscation,allowshrinking class androidx.core.app.NotificationCompat$*$Api*Impl {
  <methods>;
}
-keepclassmembernames,allowobfuscation,allowshrinking class androidx.core.os.UserHandleCompat$Api*Impl {
  <methods>;
}
-keepclassmembernames,allowobfuscation,allowshrinking class androidx.core.widget.EdgeEffectCompat$Api*Impl {
  <methods>;
}

# End of content from androidx.core:core:1.17.0 (extracted file: /home/codespace/.gradle/caches/9.6.0/transforms/4b311e9544ce66123449b645f4f7c3b6/transformed/core-1.17.0/proguard.txt)
# The proguard configuration file for the following section is androidx.lifecycle:lifecycle-viewmodel-android:2.11.0 (extracted file: /home/codespace/.gradle/caches/9.6.0/transforms/9f98b4f668bd0d74e63ae298e47f9164/transformed/lifecycle-viewmodel/proguard.txt)
-keepclassmembers,allowobfuscation class * extends androidx.lifecycle.ViewModel {
    <init>();
}

-keepclassmembers,allowobfuscation class * extends androidx.lifecycle.AndroidViewModel {
    <init>(android.app.Application);
}

# End of content from androidx.lifecycle:lifecycle-viewmodel-android:2.11.0 (extracted file: /home/codespace/.gradle/caches/9.6.0/transforms/9f98b4f668bd0d74e63ae298e47f9164/transformed/lifecycle-viewmodel/proguard.txt)
# The proguard configuration file for the following section is androidx.savedstate:savedstate-android:1.4.0 (extracted file: /home/codespace/.gradle/caches/9.6.0/transforms/28f24388c7310b6e1db46505ab236246/transformed/savedstate/proguard.txt)
# Copyright (C) 2019 The Android Open Source Project
#
# Licensed under the Apache License, Version 2.0 (the "License");
# you may not use this file except in compliance with the License.
# You may obtain a copy of the License at
#
#      http://www.apache.org/licenses/LICENSE-2.0
#
# Unless required by applicable law or agreed to in writing, software
# distributed under the License is distributed on an "AS IS" BASIS,
# WITHOUT WARRANTIES OR CONDITIONS OF ANY KIND, either express or implied.
# See the License for the specific language governing permissions and
# limitations under the License.

-keepclassmembers,allowobfuscation class * implements androidx.savedstate.SavedStateRegistry$AutoRecreated {
    <init>();
}

# End of content from androidx.savedstate:savedstate-android:1.4.0 (extracted file: /home/codespace/.gradle/caches/9.6.0/transforms/28f24388c7310b6e1db46505ab236246/transformed/savedstate/proguard.txt)
# The proguard configuration file for the following section is androidx.lifecycle:lifecycle-runtime-android:2.11.0 (extracted file: /home/codespace/.gradle/caches/9.6.0/transforms/a9351e3b83a48642266b00f78f3f458b/transformed/lifecycle-runtime/proguard.txt)
-keepattributes AnnotationDefault,
                RuntimeVisibleAnnotations,
                RuntimeVisibleParameterAnnotations,
                RuntimeVisibleTypeAnnotations

-keepclassmembers enum androidx.lifecycle.Lifecycle$Event {
    <fields>;
}

-keep class * implements androidx.lifecycle.GeneratedAdapter {
    <init>(...);
}

-keepclassmembers class ** {
    @androidx.lifecycle.OnLifecycleEvent *;
}

# The deprecated `android.app.Fragment` creates `Fragment` instances using reflection.
# See: b/338958225, b/341537875
-keepclasseswithmembers,allowobfuscation public class androidx.lifecycle.ReportFragment {
    public <init>();
}

# this rule is need to work properly when app is compiled with api 28, see b/142778206
# Also this rule prevents registerIn from being inlined.
-keepclassmembers class androidx.lifecycle.ReportFragment$LifecycleCallbacks { *; }

# End of content from androidx.lifecycle:lifecycle-runtime-android:2.11.0 (extracted file: /home/codespace/.gradle/caches/9.6.0/transforms/a9351e3b83a48642266b00f78f3f458b/transformed/lifecycle-runtime/proguard.txt)
# The proguard configuration file for the following section is androidx.lifecycle:lifecycle-process:2.11.0 (extracted file: /home/codespace/.gradle/caches/9.6.0/transforms/8ff8f99a637dbcd5039a66a375cdec7f/transformed/lifecycle-process-2.11.0/proguard.txt)
# this rule is need to work properly when app is compiled with api 28, see b/142778206
-keepclassmembers class * extends androidx.lifecycle.EmptyActivityLifecycleCallbacks { *; }