app/build/outputs/mapping/release/seeds.txt
com.py2apk.app.databinding.ActivityMainBinding
com.py2apk.app.MainActivity
com.py2apk.app.databinding.ActivityMainBinding: android.widget.TextView status
com.py2apk.app.databinding.ActivityMainBinding: com.google.android.material.textfield.TextInputEditText requirements
com.py2apk.app.databinding.ActivityMainBinding: android.widget.TextView fileName
com.py2apk.app.databinding.ActivityMainBinding: android.widget.ScrollView rootView
com.py2apk.app.databinding.ActivityMainBinding: com.google.android.material.textfield.TextInputEditText versionCode
com.py2apk.app.databinding.ActivityMainBinding: android.widget.Button settingsButton
com.py2apk.app.databinding.ActivityMainBinding: com.google.android.material.textfield.TextInputEditText appName
com.py2apk.app.databinding.ActivityMainBinding: android.widget.Button pickButton
com.py2apk.app.databinding.ActivityMainBinding: android.widget.ProgressBar progress
com.py2apk.app.databinding.ActivityMainBinding: com.google.android.material.textfield.TextInputEditText versionName
com.py2apk.app.databinding.ActivityMainBinding: com.google.android.material.textfield.TextInputEditText serverUrl
com.py2apk.app.databinding.ActivityMainBinding: android.widget.Button buildButton
com.py2apk.app.databinding.ActivityMainBinding: com.google.android.material.textfield.TextInputEditText packageName
com.py2apk.app.MainActivity: MainActivity()
com.py2apk.app.databinding.ActivityMainBinding: com.py2apk.app.databinding.ActivityMainBinding inflate(android.view.LayoutInflater,android.view.ViewGroup,boolean)
com.py2apk.app.databinding.ActivityMainBinding: com.py2apk.app.databinding.ActivityMainBinding bind(android.view.View)
com.py2apk.app.databinding.ActivityMainBinding: android.view.View getRoot()
com.py2apk.app.databinding.ActivityMainBinding: com.py2apk.app.databinding.ActivityMainBinding inflate(android.view.LayoutInflater)
com.py2apk.app.databinding.ActivityMainBinding: ActivityMainBinding(android.widget.ScrollView,com.google.android.material.textfield.TextInputEditText,android.widget.Button,android.widget.TextView,com.google.android.material.textfield.TextInputEditText,android.widget.Button,android.widget.ProgressBar,com.google.android.material.textfield.TextInputEditText,com.google.android.material.textfield.TextInputEditText,android.widget.Button,android.widget.TextView,com.google.android.material.textfield.TextInputEditText,com.google.android.material.textfield.TextInputEditText)
com.py2apk.app.databinding.ActivityMainBinding: android.widget.ScrollView getRoot()
...
com.google.android.material.textfield.TextInputLayout: void setEndIconScaleType(android.widget.ImageView$ScaleType)
androidx.core.content.FileProvider: android.os.ParcelFileDescriptor openFile(android.net.Uri,java.lang.String)
androidx.appcompat.widget.ActionBarContextView: java.lang.CharSequence getTitle()
androidx.core.view.WindowInsetsCompat$Impl20: WindowInsetsCompat$Impl20(androidx.core.view.WindowInsetsCompat,android.view.WindowInsets)
androidx.core.content.FileProvider: int delete(android.net.Uri,java.lang.String,java.lang.String[])
com.google.android.material.internal.CheckableImageButton: void setChecked(boolean)
androidx.appcompat.widget.AppCompatImageView: void setImageDrawable(android.graphics.drawable.Drawable)
com.google.android.material.textfield.TextInputLayout: void setError(java.lang.CharSequence)
androidx.appcompat.widget.AppCompatMultiAutoCompleteTextView: android.content.res.ColorStateList getSupportCompoundDrawablesTintList()
com.google.android.material.appbar.AppBarLayout$ScrollingViewBehavior: AppBarLayout$ScrollingViewBehavior()
androidx.activity.OnBackPressedDispatcher$Api34Impl: android.window.OnBackInvokedCallback createOnBackAnimationCallback(kotlin.jvm.functions.Function1,kotlin.jvm.functions.Function1,kotlin.jvm.functions.Function0,kotlin.jvm.functions.Function0)
androidx.appcompat.widget.MenuPopupWindow$MenuDropDownListView: void setHoverListener(androidx.appcompat.widget.MenuItemHoverListener)
androidx.core.content.FileProvider: java.lang.String removeTrailingSlash(java.lang.String)
androidx.appcompat.widget.AppCompatEditText: void setSupportBackgroundTintMode(android.graphics.PorterDuff$Mode)
com.google.android.material.textfield.MaterialAutoCompleteTextView: void setSimpleItems(java.lang.String[])
androidx.appcompat.widget.AppCompatTextView: void setEmojiCompatEnabled(boolean)
com.google.android.material.textfield.MaterialAutoCompleteTextView: void setAdapter(android.widget.ListAdapter)
com.google.android.material.floatingactionbutton.ExtendedFloatingActionButton$ExtendedFloatingActionButtonBehavior: ExtendedFloatingActionButton$ExtendedFloatingActionButtonBehavior(android.content.Context,android.util.AttributeSet)
androidx.appcompat.widget.ActionBarOverlayLayout: void setUiOptions(int)
androidx.core.view.WindowInsetsCompat$BuilderImpl29: void setTappableElementInsets(androidx.core.graphics.Insets)
com.google.android.material.button.MaterialButton: void setIconTint(android.content.res.ColorStateList)
androidx.core.view.ViewCompat$Api21Impl$1: android.view.WindowInsets onApplyWindowInsets(android.view.View,android.view.WindowInsets)
com.google.android.material.textfield.TextInputLayout: void setBoxBackgroundColor(int)
com.google.android.material.textfield.TextInputLayout: int getStartIconMinSize()
androidx.lifecycle.LifecycleDispatcher$DispatcherActivityCallback: void onActivityCreated(android.app.Activity,android.os.Bundle)
androidx.core.view.ViewCompat$Api21Impl: void setElevation(android.view.View,float)
com.google.android.material.transformation.FabTransformationSheetBehavior: FabTransformationSheetBehavior()
com.google.android.material.button.MaterialButton: int getIconSize()
androidx.appcompat.widget.AppCompatTextView: androidx.core.text.PrecomputedTextCompat$Params getTextMetricsParamsCompat()
androidx.appcompat.widget.Toolbar: void setNavigationOnClickListener(android.view.View$OnClickListener)
androidx.core.view.ViewCompat$Api21Impl: float getZ(android.view.View)
androidx.appcompat.widget.Toolbar: void setSubtitleTextColor(android.content.res.ColorStateList)
androidx.appcompat.widget.AppCompatMultiAutoCompleteTextView: void setEmojiCompatEnabled(boolean)
com.google.android.material.bottomappbar.BottomAppBar$Behavior: BottomAppBar$Behavior()
com.google.android.material.floatingactionbutton.ExtendedFloatingActionButton$ExtendedFloatingActionButtonBehavior: ExtendedFloatingActionButton$ExtendedFloatingActionButtonBehavior()