app/build/outputs/mapping/release/mapping.txt
# compiler: R8
# compiler_version: 9.4.14
# min_api: 26
# common_typos_disable
# {"id":"com.android.tools.r8.mapping","version":"2.2"}
# pg_map_id: 6913161d20ec6d14a676f60d4e5be19c5bc1a7664225f35ee858eb6d89bb9410
# pg_map_hash: SHA-256 6913161d20ec6d14a676f60d4e5be19c5bc1a7664225f35ee858eb6d89bb9410
com.py2apk.app.MainActivity -> com.py2apk.app.MainActivity:
# {"id":"sourceFile","fileName":"MainActivity.kt"}
    java.lang.String selectedName -> A
    androidx.activity.result.ActivityResultLauncher picker -> B
      # {"id":"com.android.tools.r8.residualsignature","signature":"Lr1;"}
    int $r8$clinit -> C
      # {"id":"com.android.tools.r8.synthesized"}
    com.py2apk.app.databinding.ActivityMainBinding binding -> y
    android.net.Uri selectedUri -> z
    1:3:void androidx.appcompat.app.AppCompatActivity.<init>():92:92 -> <init>
    1:3:void <init>():23 -> <init>
    4:5:androidx.savedstate.SavedStateRegistry androidx.activity.ComponentActivity.getSavedStateRegistry():737:737 -> <init>
    4:5:void androidx.appcompat.app.AppCompatActivity.initDelegate():114 -> <init>
    4:5:void androidx.appcompat.app.AppCompatActivity.<init>():93 -> <init>
    4:5:void <init>():23 -> <init>
    6:9:androidx.savedstate.SavedStateRegistry androidx.savedstate.SavedStateRegistryController.getSavedStateRegistry():24:24 -> <init>
    6:9:androidx.savedstate.SavedStateRegistry androidx.activity.ComponentActivity.getSavedStateRegistry():737 -> <init>
      # {"id":"com.android.tools.r8.rewriteFrame","conditions":["throws(Ljava/lang/NullPointerException;)"],"actions":["removeInnerFrames(1)"]}
    6:9:void androidx.appcompat.app.AppCompatActivity.initDelegate():114 -> <init>
    6:9:void androidx.appcompat.app.AppCompatActivity.<init>():93 -> <init>
    6:9:void <init>():23 -> <init>
com.py2apk.app.MainActivity$$ExternalSyntheticLambda1 -> xi:
# {"id":"sourceFile","fileName":"R8$$SyntheticClass"}
# {"id":"com.android.tools.r8.synthesized"}
    byte MainActivity$$ExternalSyntheticLambda1.$r8$classId -> a
      # {"id":"com.android.tools.r8.synthesized"}
    com.py2apk.app.MainActivity com.py2apk.app.MainActivity$$InternalSyntheticLambda$1$102286cc6a1528e0dfb1999130b5a4226b674c5ce57ba623ff7a8a5a440721ff$0.f$0 -> b
      # {"id":"com.android.tools.r8.synthesized"}
    1:8:void MainActivity$$ExternalSyntheticLambda1.<init>(com.py2apk.app.MainActivity,byte):0:0 -> <init>
      # {"id":"com.android.tools.r8.synthesized"}
    10:20:void com.py2apk.app.MainActivity.onCreate$lambda$2(com.py2apk.app.MainActivity,android.view.View):43:43 -> onClick
    10:20:void MainActivity$$ExternalSyntheticLambda1.onClick(android.view.View):0 -> onClick
      # {"id":"com.android.tools.r8.synthesized"}
    21:22:void MainActivity$$ExternalSyntheticLambda1.onClick(android.view.View):0:0 -> onClick
    23:28:void com.py2apk.app.MainActivity.startBuild():48:48 -> onClick
    23:28:void com.py2apk.app.MainActivity.onCreate$lambda$1(com.py2apk.app.MainActivity,android.view.View):42 -> onClick
    23:28:void MainActivity$$ExternalSyntheticLambda1.onClick(android.view.View):0 -> onClick
    29:45:void com.py2apk.app.MainActivity.startBuild():49:49 -> onClick
    29:45:void com.py2apk.app.MainActivity.onCreate$lambda$1(com.py2apk.app.MainActivity,android.view.View):42 -> onClick
com.py2apk.app.MainActivity$downloadApk$1 -> yi:
# {"id":"sourceFile","fileName":"MainActivity.kt"}
    java.lang.Object L$4 -> d
      # {"id":"com.android.tools.r8.residualsignature","signature":"Ljava/io/File;"}
    java.lang.Object result -> e
    com.py2apk.app.MainActivity this$0 -> f
    int label -> g
    1:6:void <init>(com.py2apk.app.MainActivity,kotlin.coroutines.Continuation):0:0 -> <init>
      # {"id":"com.android.tools.r8.residualsignature","signature":"(Lcom/py2apk/app/MainActivity;Lz8;)V"}
    12:19:java.lang.Object com.py2apk.app.MainActivity.access$downloadApk(com.py2apk.app.MainActivity,java.lang.String,java.lang.String,java.lang.String,kotlin.coroutines.Continuation):23:23 -> i
    12:19:java.lang.Object invokeSuspend(java.lang.Object):0 -> i
...
androidx.core.view.ViewCompat$Api28Impl -> tt:
# {"id":"sourceFile","fileName":"ViewCompat.java"}
    1:5:java.lang.CharSequence getAccessibilityPaneTitle(android.view.View):5707:5707 -> a
    1:5:boolean isAccessibilityHeading(android.view.View):5720:5720 -> b
    1:5:boolean isScreenReaderFocusable(android.view.View):5724:5724 -> c
    1:4:void setAccessibilityHeading(android.view.View,boolean):5716:5716 -> d
    1:4:void setAccessibilityPaneTitle(android.view.View,java.lang.CharSequence):5712:5712 -> e
    1:4:void setScreenReaderFocusable(android.view.View,boolean):5728:5728 -> f
androidx.core.view.ViewCompat$Api29Impl -> ut:
# {"id":"sourceFile","fileName":"ViewCompat.java"}
    1:5:android.view.View$AccessibilityDelegate getAccessibilityDelegate(android.view.View):5523:5523 -> a
    1:4:void saveAttributeDataForStyleable(android.view.View,android.content.Context,int[],android.util.AttributeSet,android.content.res.TypedArray,int,int):5518:5518 -> b
androidx.core.view.ViewCompat$Api30Impl -> vt:
# {"id":"sourceFile","fileName":"ViewCompat.java"}
    1:5:android.view.WindowInsets dispatchApplyWindowInsets(android.view.View,android.view.WindowInsets):5584:5584 -> a
    1:5:java.lang.CharSequence getStateDescription(android.view.View):5568:5568 -> b
androidx.core.view.ViewCompat$Api31Impl -> wt:
# {"id":"sourceFile","fileName":"ViewCompat.java"}
    1:5:java.lang.String[] getReceiveContentMimeTypes(android.view.View):3312:3312 -> a
    1:2:android.view.ContentInfo androidx.core.view.ContentInfoCompat.toContentInfo():174:174 -> b
    1:2:androidx.core.view.ContentInfoCompat performReceiveContent(android.view.View,androidx.core.view.ContentInfoCompat):3317 -> b
      # {"id":"com.android.tools.r8.rewriteFrame","conditions":["throws(Ljava/lang/NullPointerException;)"],"actions":["removeInnerFrames(1)"]}
      # {"id":"com.android.tools.r8.residualsignature","signature":"(Landroid/view/View;Lv8;)Lv8;"}
    3:9:android.view.ContentInfo androidx.core.view.ContentInfoCompat.toContentInfo():174:174 -> b
    3:9:androidx.core.view.ContentInfoCompat performReceiveContent(android.view.View,androidx.core.view.ContentInfoCompat):3317 -> b
    10:20:androidx.core.view.ContentInfoCompat performReceiveContent(android.view.View,androidx.core.view.ContentInfoCompat):3318:3318 -> b
    21:31:androidx.core.view.ContentInfoCompat androidx.core.view.ContentInfoCompat.toContentInfoCompat(android.view.ContentInfo):160:160 -> b
    21:31:androidx.core.view.ContentInfoCompat performReceiveContent(android.view.View,androidx.core.view.ContentInfoCompat):3326 -> b