app/build/outputs/mapping/release/usage.txt
com.py2apk.app.MainActivity$downloadApk$2:
    int label
com.py2apk.app.MainActivity$poll$2$result$1:
    int label
com.py2apk.app.MainActivity$startBuild$1$result$1:
    int label
com.py2apk.app.R$id:
    private void <init>()
com.py2apk.app.R$layout:
    private void <init>()
com.py2apk.app.R$style
com.py2apk.app.R$xml
com.py2apk.app.R
com.py2apk.app.MainActivity$downloadApk$1:
    public java.lang.Object L$0
    public java.lang.Object L$1
    public java.lang.Object L$2
    public java.lang.Object L$3
com.py2apk.app.MainActivity$downloadApk$2:
    public final java.lang.Object invoke$1()
com.py2apk.app.MainActivity$poll$1:
    public java.lang.Object L$2
    public java.lang.Object L$3
    public java.lang.Object L$4
com.py2apk.app.MainActivity$poll$2$result$1:
    public final java.lang.Object invoke$1()
com.py2apk.app.MainActivity$startBuild$1$result$1:
    public final java.lang.Object invoke$1()
com.py2apk.app.MainActivity$startBuild$1:
    public java.lang.Object L$0
    public java.lang.Object L$1
    public final java.lang.Object invoke$1()
com.py2apk.app.R$id
com.py2apk.app.R$layout
...
kotlin.jvm.Throws
kotlin.jvm.Transient
kotlin.jvm.Volatile
kotlin.jvm.functions.Function10:
    public abstract java.lang.Object invoke(java.lang.Object,java.lang.Object,java.lang.Object,java.lang.Object,java.lang.Object,java.lang.Object,java.lang.Object,java.lang.Object,java.lang.Object,java.lang.Object)
kotlin.jvm.functions.Function11:
    public abstract java.lang.Object invoke(java.lang.Object,java.lang.Object,java.lang.Object,java.lang.Object,java.lang.Object,java.lang.Object,java.lang.Object,java.lang.Object,java.lang.Object,java.lang.Object,java.lang.Object)
kotlin.jvm.functions.Function12:
    public abstract java.lang.Object invoke(java.lang.Object,java.lang.Object,java.lang.Object,java.lang.Object,java.lang.Object,java.lang.Object,java.lang.Object,java.lang.Object,java.lang.Object,java.lang.Object,java.lang.Object,java.lang.Object)
kotlin.jvm.functions.Function13:
    public abstract java.lang.Object invoke(java.lang.Object,java.lang.Object,java.lang.Object,java.lang.Object,java.lang.Object,java.lang.Object,java.lang.Object,java.lang.Object,java.lang.Object,java.lang.Object,java.lang.Object,java.lang.Object,java.lang.Object)
kotlin.jvm.functions.Function14:
    public abstract java.lang.Object invoke(java.lang.Object,java.lang.Object,java.lang.Object,java.lang.Object,java.lang.Object,java.lang.Object,java.lang.Object,java.lang.Object,java.lang.Object,java.lang.Object,java.lang.Object,java.lang.Object,java.lang.Object,java.lang.Object)
kotlin.jvm.functions.Function15:
    public abstract java.lang.Object invoke(java.lang.Object,java.lang.Object,java.lang.Object,java.lang.Object,java.lang.Object,java.lang.Object,java.lang.Object,java.lang.Object,java.lang.Object,java.lang.Object,java.lang.Object,java.lang.Object,java.lang.Object,java.lang.Object,java.lang.Object)
kotlin.jvm.functions.Function16:
    public abstract java.lang.Object invoke(java.lang.Object,java.lang.Object,java.lang.Object,java.lang.Object,java.lang.Object,java.lang.Object,java.lang.Object,java.lang.Object,java.lang.Object,java.lang.Object,java.lang.Object,java.lang.Object,java.lang.Object,java.lang.Object,java.lang.Object,java.lang.Object)
kotlin.jvm.functions.Function17:
    public abstract java.lang.Object invoke(java.lang.Object,java.lang.Object,java.lang.Object,java.lang.Object,java.lang.Object,java.lang.Object,java.lang.Object,java.lang.Object,java.lang.Object,java.lang.Object,java.lang.Object,java.lang.Object,java.lang.Object,java.lang.Object,java.lang.Object,java.lang.Object,java.lang.Object)
kotlin.jvm.functions.Function18:
    public abstract java.lang.Object invoke(java.lang.Object,java.lang.Object,java.lang.Object,java.lang.Object,java.lang.Object,java.lang.Object,java.lang.Object,java.lang.Object,java.lang.Object,java.lang.Object,java.lang.Object,java.lang.Object,java.lang.Object,java.lang.Object,java.lang.Object,java.lang.Object,java.lang.Object,java.lang.Object)
kotlin.jvm.functions.Function19:
    public abstract java.lang.Object invoke(java.lang.Object,java.lang.Object,java.lang.Object,java.lang.Object,java.lang.Object,java.lang.Object,java.lang.Object,java.lang.Object,java.lang.Object,java.lang.Object,java.lang.Object,java.lang.Object,java.lang.Object,java.lang.Object,java.lang.Object,java.lang.Object,java.lang.Object,java.lang.Object,java.lang.Object)
kotlin.jvm.functions.Function20:
    public abstract java.lang.Object invoke(java.lang.Object,java.lang.Object,java.lang.Object,java.lang.Object,java.lang.Object,java.lang.Object,java.lang.Object,java.lang.Object,java.lang.Object,java.lang.Object,java.lang.Object,java.lang.Object,java.lang.Object,java.lang.Object,java.lang.Object,java.lang.Object,java.lang.Object,java.lang.Object,java.lang.Object,java.lang.Object)